Build started 06/03/2016 16:48:58.
     1>Project "E:\Cocos2d-x\Project\RescueInWarface\proj.win32\RescueInWarface.vcxproj" on node 3 (Build target(s)).
     1>Link:
         C:\Program Files (x86)\Microsoft Visual Studio 14.0\VC\bin\link.exe /ERRORREPORT:PROMPT /OUT:"E:\Cocos2d-x\Project\RescueInWarface\proj.win32\Release.win32\RescueInWarface.exe" /INCREMENTAL:NO /NOLOGO /LIBPATH:"E:\Cocos2d-x\Project\RescueInWarface\proj.win32\Release.win32\\" /LIBPATH:"E:\Cocos2d-x\Project\RescueInWarface\proj.win32\Release.win32\\" libcurl_imp.lib websockets.lib opengl32.lib glew32.lib libzlib.lib libwebp.lib libiconv.lib freetype.lib winmm.lib ws2_32.lib libbox2d.lib libSpine.lib kernel32.lib user32.lib gdi32.lib winspool.lib comdlg32.lib advapi32.lib shell32.lib ole32.lib oleaut32.lib uuid.lib odbc32.lib odbccp32.lib /MANIFEST /MANIFESTUAC:"level='asInvoker' uiAccess='false'" /manifest:embed /Debug /PDB:"E:\Cocos2d-x\Project\RescueInWarface\proj.win32\Release.win32\RescueInWarface.pdb" /SUBSYSTEM:WINDOWS /OPT:REF /OPT:ICF /LTCG:incremental /TLBID:1 /DYNAMICBASE /NXCOMPAT /IMPLIB:"E:\Cocos2d-x\Project\RescueInWarface\proj.win32\Release.win32\RescueInWarface.lib" /MACHINE:X86 /SAFESEH Release.win32\game.res
         Release.win32\AppDelegate.obj
         Release.win32\BigBoss.obj
         Release.win32\FinishedScene.obj
         Release.win32\GameOverScene.obj
         Release.win32\GameScene.obj
         Release.win32\Gascan.obj
         Release.win32\HUD.obj
         Release.win32\IntroductionScene.obj
         Release.win32\MainMenuScene.obj
         Release.win32\MiniBoss.obj
         Release.win32\MouseCursor.obj
         Release.win32\PauseScene.obj
         Release.win32\PhysicsBodyParser.obj
         Release.win32\Player.obj
         Release.win32\PlayerBullet.obj
         Release.win32\Point2D.obj
         Release.win32\RangeMissile.obj
         Release.win32\SplashScene.obj
         Release.win32\Tank.obj
         Release.win32\TowerDefense.obj
         Release.win32\Vector2D.obj
         Release.win32\main.obj
         "E:\Cocos2d-x\Project\RescueInWarface\proj.win32\Release.win32\libcocos2d.lib"
         "E:\Cocos2d-x\Project\RescueInWarface\proj.win32\Release.win32\libSpine.lib"
         "E:\Cocos2d-x\Project\RescueInWarface\proj.win32\Release.win32\libbox2d.lib"
            Creating library E:\Cocos2d-x\Project\RescueInWarface\proj.win32\Release.win32\RescueInWarface.lib and object E:\Cocos2d-x\Project\RescueInWarface\proj.win32\Release.win32\RescueInWarface.exp
         Generating code
         0 of 1466 functions ( 0.0%) were compiled, the rest were copied from previous compilation.
           0 functions were new in current compilation
           215 functions had inline decision re-evaluated but remain unchanged
         Finished generating code
         RescueInWarface.vcxproj -> E:\Cocos2d-x\Project\RescueInWarface\proj.win32\Release.win32\RescueInWarface.exe
       CustomBuildStep:
         if not exist "E:\Cocos2d-x\Project\RescueInWarface\proj.win32\Release.win32\" mkdir "E:\Cocos2d-x\Project\RescueInWarface\proj.win32\Release.win32\"
         xcopy "E:\Cocos2d-x\Project\RescueInWarface\proj.win32\..\Resources" "E:\Cocos2d-x\Project\RescueInWarface\proj.win32\Release.win32\" /D /E /I /F /Y
               
         :VCEnd
         0 File(s) copied
     1>Done Building Project "E:\Cocos2d-x\Project\RescueInWarface\proj.win32\RescueInWarface.vcxproj" (Build target(s)).

Build succeeded.

Time Elapsed 00:00:03.88
